build/app/intermediates/proguard-rules/release/aapt_rules.txt
# Referenced at release\arm64-v8a\AndroidManifest.xml:20
-keep class androidx.core.app.CoreComponentFactory { <init>(); }
# Referenced at release\arm64-v8a\AndroidManifest.xml:25
-keep class com.example.appcenter.MainActivity { <init>(); }
# Referenced at release\arm64-v8a\AndroidManifest.xml:20
-keep class io.flutter.app.FlutterApplication { <init>(); }