build/app/outputs/mapping/release/mapping.txt
# compiler: R8
# compiler_version: 1.5.64
# min_api: 16
# pg_map_id: ffa7ac1
...
com.microsoft.appcenter.http.ServiceCallback -> b.b.a.l.m:
    void onCallFailed(java.lang.Exception) -> a
    void onCallSucceeded(com.microsoft.appcenter.http.HttpResponse) -> a
com.microsoft.appcenter.http.TLS1_2SocketFactory -> b.b.a.l.n:
    java.lang.String[] ENABLED_PROTOCOLS -> a
    javax.net.ssl.SSLSocket forceTLS1_2(java.net.Socket) -> a
com.microsoft.appcenter.ingestion.AppCenterIngestion -> b.b.a.m.a:
    com.microsoft.appcenter.ingestion.models.json.LogSerializer mLogSerializer -> a
    java.lang.String mLogUrl -> c
    com.microsoft.appcenter.http.HttpClient mHttpClient -> b
    void reopen() -> a
    com.microsoft.appcenter.http.ServiceCall sendAsync(java.lang.String,java.util.UUID,com.microsoft.appcenter.ingestion.models.LogContainer,com.microsoft.appcenter.http.ServiceCallback) -> a
    void setLogUrl(java.lang.String) -> a
com.microsoft.appcenter.ingestion.AppCenterIngestion$IngestionCallTemplate -> b.b.a.m.a$a:
    com.microsoft.appcenter.ingestion.models.json.LogSerializer mLogSerializer -> a
    com.microsoft.appcenter.ingestion.models.LogContainer mLogContainer -> b
    java.lang.String buildRequestBody() -> a
com.microsoft.appcenter.ingestion.Ingestion -> b.b.a.m.b:
    void reopen() -> a
    com.microsoft.appcenter.http.ServiceCall sendAsync(java.lang.String,java.util.UUID,com.microsoft.appcenter.ingestion.models.LogContainer,com.microsoft.appcenter.http.ServiceCallback) -> a
    void setLogUrl(java.lang.String) -> a
com.microsoft.appcenter.ingestion.OneCollectorIngestion -> b.b.a.m.c:
    com.microsoft.appcenter.ingestion.models.json.LogSerializer mLogSerializer -> a
    java.lang.String mLogUrl -> c
    com.microsoft.appcenter.http.HttpClient mHttpClient -> b
    void reopen() -> a
    com.microsoft.appcenter.http.ServiceCall sendAsync(java.lang.String,java.util.UUID,com.microsoft.appcenter.ingestion.models.LogContainer,com.microsoft.appcenter.http.ServiceCallback) -> a
    void setLogUrl(java.lang.String) -> a
com.microsoft.appcenter.ingestion.OneCollectorIngestion$IngestionCallTemplate -> b.b.a.m.c$a:
    com.microsoft.appcenter.ingestion.models.json.LogSerializer mLogSerializer -> a
    com.microsoft.appcenter.ingestion.models.LogContainer mLogContainer -> b
    java.lang.String buildRequestBody() -> a
    void onBeforeCalling(java.net.URL,java.util.Map) -> a
com.microsoft.appcenter.ingestion.models.AbstractLog -> b.b.a.m.d.a:
    java.util.Date timestamp -> b
    java.lang.Object tag -> g
    java.util.UUID sid -> c
    java.util.Set transmissionTargetTokens -> a
    com.microsoft.appcenter.ingestion.models.Device device -> f
    java.lang.String userId -> e
    java.lang.String distributionGroupId -> d
    void addTransmissionTarget(java.lang.String) -> a
    void read(org.json.JSONObject) -> a
    void setDevice(com.microsoft.appcenter.ingestion.models.Device) -> a
    void setSid(java.util.UUID) -> a
    void setTag(java.lang.Object) -> a
    void setTimestamp(java.util.Date) -> a
    void write(org.json.JSONStringer) -> a
    java.lang.String getUserId() -> b
    void setDistributionGroupId(java.lang.String) -> b
    java.lang.Object getTag() -> c
    void setUserId(java.lang.String) -> c
    java.util.Set getTransmissionTargetTokens() -> d
    java.util.UUID getSid() -> e
    com.microsoft.appcenter.ingestion.models.Device getDevice() -> f
    java.util.Date getTimestamp() -> g
    java.lang.String getDistributionGroupId() -> h